Defaulted container "hyrax-worker" out of: hyrax-worker, service-wait (init)
=== Bulkrax Imports Cleanup ===
DRY_RUN: false
Started: Thu May 28 19:30:21 UTC 2026

DELETE: /app/samvera/hyrax-webapp/tmp/imports/april/import_1_20230809013023_1/ (14.1 MB, 1023d old)
DELETE: /app/samvera/hyrax-webapp/tmp/imports/april/1_20230809013023/ (13.1 MB, 1023d old)
DELETE: /app/samvera/hyrax-webapp/tmp/imports/ccis/import_1_20240529201629_1/ (768.6 MB, 729d old)
DELETE: /app/samvera/hyrax-webapp/tmp/imports/ccis/1_20240529201629/ (754.7 MB, 729d old)
DELETE: /app/samvera/hyrax-webapp/tmp/imports/covenant/import_1_20240529204933_1/ (1.65 GB, 729d old)
DELETE: /app/samvera/hyrax-webapp/tmp/imports/covenant/1_20240529204933/ (1.59 GB, 729d old)
DELETE: /app/samvera/hyrax-webapp/tmp/imports/crowder/import_1_20240530150631_1/ (1.72 GB, 728d old)
DELETE: /app/samvera/hyrax-webapp/tmp/imports/crowder/1_20240530150631/ (1.70 GB, 728d old)
DELETE: /app/samvera/hyrax-webapp/tmp/imports/demo/import_10_20250721201340_52/ (253.8 MB, 311d old)
DELETE: /app/samvera/hyrax-webapp/tmp/imports/demo/import_11_20250721202517_53/ (253.8 MB, 311d old)
DELETE: /app/samvera/hyrax-webapp/tmp/imports/demo/import_12_20250721232550_54/ (407.5 KB, 311d old)
DELETE: /app/samvera/hyrax-webapp/tmp/imports/demo/import_13_20250721232755_55/ (407.5 KB, 311d old)
DELETE: /app/samvera/hyrax-webapp/tmp/imports/demo/import_14_20250721233533_56/ (407.5 KB, 311d old)
DELETE: /app/samvera/hyrax-webapp/tmp/imports/demo/import_15_20250721233950_57/ (407.5 KB, 311d old)
DELETE: /app/samvera/hyrax-webapp/tmp/imports/demo/import_16_20250721234941_58/ (407.5 KB, 311d old)
DELETE: /app/samvera/hyrax-webapp/tmp/imports/demo/import_17_20250722000424_59/ (517.8 KB, 310d old)
DELETE: /app/samvera/hyrax-webapp/tmp/imports/demo/import_18_20251104183839_166/ (9.3 MB, 205d old)
DELETE: /app/samvera/hyrax-webapp/tmp/imports/demo/import_1_20250226182917_1/ (55.0 MB, 456d old)
DELETE: /app/samvera/hyrax-webapp/tmp/imports/demo/import_3_20250303222625_4/ (240.5 KB, 451d old)
DELETE: /app/samvera/hyrax-webapp/tmp/imports/demo/import_4_20250529151005_5/ (6.0 KB, 364d old)
DELETE: /app/samvera/hyrax-webapp/tmp/imports/demo/import_5_20250529153317_6/ (6.0 KB, 364d old)
DELETE: /app/samvera/hyrax-webapp/tmp/imports/demo/import_6_20250529162452_7/ (6.0 KB, 364d old)
DELETE: /app/samvera/hyrax-webapp/tmp/imports/demo/import_7_20250529163147_8/ (13.3 MB, 364d old)
DELETE: /app/samvera/hyrax-webapp/tmp/imports/demo/import_9_20250721195709_51/ (253.8 MB, 311d old)
DELETE: /app/samvera/hyrax-webapp/tmp/imports/demo/10_20250721201340/ (184.2 MB, 311d old)
DELETE: /app/samvera/hyrax-webapp/tmp/imports/demo/11_20250721202517/ (184.2 MB, 311d old)
DELETE: /app/samvera/hyrax-webapp/tmp/imports/demo/12_20250721232550/ (350.2 KB, 311d old)
DELETE: /app/samvera/hyrax-webapp/tmp/imports/demo/13_20250721232755/ (350.2 KB, 311d old)
DELETE: /app/samvera/hyrax-webapp/tmp/imports/demo/14_20250721233533/ (350.2 KB, 311d old)
DELETE: /app/samvera/hyrax-webapp/tmp/imports/demo/15_20250721233950/ (350.2 KB, 311d old)
DELETE: /app/samvera/hyrax-webapp/tmp/imports/demo/16_20250721234941/ (350.2 KB, 311d old)
DELETE: /app/samvera/hyrax-webapp/tmp/imports/demo/17_20250722000424/ (385.8 KB, 310d old)
DELETE: /app/samvera/hyrax-webapp/tmp/imports/demo/18_20251104183839/ (7.6 MB, 205d old)
DELETE: /app/samvera/hyrax-webapp/tmp/imports/demo/1_20250226182917/ (54.8 MB, 456d old)
DELETE: /app/samvera/hyrax-webapp/tmp/imports/demo/2_20250303184252/ (205.6 KB, 451d old)
DELETE: /app/samvera/hyrax-webapp/tmp/imports/demo/3_20250303222625/ (205.6 KB, 451d old)
DELETE: /app/samvera/hyrax-webapp/tmp/imports/demo/4_20250529151005/ (13.2 MB, 364d old)
DELETE: /app/samvera/hyrax-webapp/tmp/imports/demo/5_20250529153317/ (13.2 MB, 364d old)
DELETE: /app/samvera/hyrax-webapp/tmp/imports/demo/6_20250529162452/ (13.2 MB, 364d old)
DELETE: /app/samvera/hyrax-webapp/tmp/imports/demo/7_20250529163147/ (13.2 MB, 364d old)
DELETE: /app/samvera/hyrax-webapp/tmp/imports/demo/9_20250721195709/ (184.2 MB, 311d old)
DELETE: /app/samvera/hyrax-webapp/tmp/imports/jewell/import_1_20240607125611_1/ (2.72 GB, 720d old)
DELETE: /app/samvera/hyrax-webapp/tmp/imports/jewell/import_34_20250129153454_100/ (189.4 MB, 484d old)
DELETE: /app/samvera/hyrax-webapp/tmp/imports/jewell/import_34_20250129153454_102/ (189.4 MB, 484d old)
DELETE: /app/samvera/hyrax-webapp/tmp/imports/jewell/import_34_20250129153454_113/ (189.4 MB, 484d old)
DELETE: /app/samvera/hyrax-webapp/tmp/imports/jewell/import_34_20250129153454_122/ (189.4 MB, 484d old)
DELETE: /app/samvera/hyrax-webapp/tmp/imports/jewell/import_34_20250129153454_141/ (189.4 MB, 484d old)
DELETE: /app/samvera/hyrax-webapp/tmp/imports/jewell/import_34_20250129153454_148/ (189.4 MB, 484d old)
DELETE: /app/samvera/hyrax-webapp/tmp/imports/jewell/import_34_20250129153454_170/ (189.4 MB, 484d old)
DELETE: /app/samvera/hyrax-webapp/tmp/imports/jewell/import_34_20250129153454_179/ (189.4 MB, 484d old)
DELETE: /app/samvera/hyrax-webapp/tmp/imports/jewell/import_34_20250129153454_189/ (189.4 MB, 484d old)
DELETE: /app/samvera/hyrax-webapp/tmp/imports/jewell/import_34_20250129153454_34/ (189.4 MB, 484d old)
DELETE: /app/samvera/hyrax-webapp/tmp/imports/jewell/import_34_20250129153454_35/ (189.4 MB, 484d old)
DELETE: /app/samvera/hyrax-webapp/tmp/imports/jewell/import_34_20250129153454_36/ (189.4 MB, 484d old)
DELETE: /app/samvera/hyrax-webapp/tmp/imports/jewell/import_34_20250129153454_37/ (189.4 MB, 484d old)
DELETE: /app/samvera/hyrax-webapp/tmp/imports/jewell/import_34_20250129153454_38/ (189.4 MB, 484d old)
DELETE: /app/samvera/hyrax-webapp/tmp/imports/jewell/import_34_20250129153454_39/ (189.4 MB, 484d old)
DELETE: /app/samvera/hyrax-webapp/tmp/imports/jewell/import_34_20250129153454_46/ (189.4 MB, 484d old)
DELETE: /app/samvera/hyrax-webapp/tmp/imports/jewell/import_34_20250129153454_48/ (189.4 MB, 484d old)
DELETE: /app/samvera/hyrax-webapp/tmp/imports/jewell/import_34_20250129153454_50/ (189.4 MB, 484d old)
DELETE: /app/samvera/hyrax-webapp/tmp/imports/jewell/import_34_20250129153454_52/ (189.4 MB, 484d old)
DELETE: /app/samvera/hyrax-webapp/tmp/imports/jewell/import_34_20250129153454_54/ (189.4 MB, 484d old)
DELETE: /app/samvera/hyrax-webapp/tmp/imports/jewell/import_34_20250129153454_56/ (189.4 MB, 484d old)
DELETE: /app/samvera/hyrax-webapp/tmp/imports/jewell/import_34_20250129153454_58/ (189.4 MB, 484d old)
DELETE: /app/samvera/hyrax-webapp/tmp/imports/jewell/import_34_20250129153454_60/ (189.4 MB, 484d old)
DELETE: /app/samvera/hyrax-webapp/tmp/imports/jewell/import_34_20250129153454_62/ (189.4 MB, 484d old)
DELETE: /app/samvera/hyrax-webapp/tmp/imports/jewell/import_34_20250129153454_96/ (189.4 MB, 484d old)
DELETE: /app/samvera/hyrax-webapp/tmp/imports/jewell/import_34_20250129153454_98/ (189.4 MB, 484d old)
DELETE: /app/samvera/hyrax-webapp/tmp/imports/jewell/import_35_20250129154427_101/ (189.4 MB, 484d old)
DELETE: /app/samvera/hyrax-webapp/tmp/imports/jewell/import_35_20250129154427_103/ (189.4 MB, 484d old)
DELETE: /app/samvera/hyrax-webapp/tmp/imports/jewell/import_35_20250129154427_114/ (189.4 MB, 484d old)
DELETE: /app/samvera/hyrax-webapp/tmp/imports/jewell/import_35_20250129154427_123/ (189.4 MB, 484d old)
DELETE: /app/samvera/hyrax-webapp/tmp/imports/jewell/import_35_20250129154427_142/ (189.4 MB, 484d old)
DELETE: /app/samvera/hyrax-webapp/tmp/imports/jewell/import_35_20250129154427_149/ (189.4 MB, 484d old)
DELETE: /app/samvera/hyrax-webapp/tmp/imports/jewell/import_35_20250129154427_171/ (189.4 MB, 484d old)
DELETE: /app/samvera/hyrax-webapp/tmp/imports/jewell/import_35_20250129154427_180/ (189.4 MB, 484d old)
DELETE: /app/samvera/hyrax-webapp/tmp/imports/jewell/import_35_20250129154427_190/ (189.4 MB, 484d old)
DELETE: /app/samvera/hyrax-webapp/tmp/imports/jewell/import_35_20250129154427_40/ (189.4 MB, 484d old)
DELETE: /app/samvera/hyrax-webapp/tmp/imports/jewell/import_35_20250129154427_41/ (189.4 MB, 484d old)
DELETE: /app/samvera/hyrax-webapp/tmp/imports/jewell/import_35_20250129154427_42/ (189.4 MB, 484d old)
DELETE: /app/samvera/hyrax-webapp/tmp/imports/jewell/import_35_20250129154427_43/ (189.4 MB, 484d old)
DELETE: /app/samvera/hyrax-webapp/tmp/imports/jewell/import_35_20250129154427_44/ (189.4 MB, 484d old)
DELETE: /app/samvera/hyrax-webapp/tmp/imports/jewell/import_35_20250129154427_45/ (189.4 MB, 484d old)
DELETE: /app/samvera/hyrax-webapp/tmp/imports/jewell/import_35_20250129154427_47/ (189.4 MB, 484d old)
DELETE: /app/samvera/hyrax-webapp/tmp/imports/jewell/import_35_20250129154427_49/ (189.4 MB, 484d old)
DELETE: /app/samvera/hyrax-webapp/tmp/imports/jewell/import_35_20250129154427_51/ (189.4 MB, 484d old)
DELETE: /app/samvera/hyrax-webapp/tmp/imports/jewell/import_35_20250129154427_53/ (189.4 MB, 484d old)
DELETE: /app/samvera/hyrax-webapp/tmp/imports/jewell/import_35_20250129154427_55/ (189.4 MB, 484d old)
DELETE: /app/samvera/hyrax-webapp/tmp/imports/jewell/import_35_20250129154427_57/ (189.4 MB, 484d old)
DELETE: /app/samvera/hyrax-webapp/tmp/imports/jewell/import_35_20250129154427_59/ (189.4 MB, 484d old)
DELETE: /app/samvera/hyrax-webapp/tmp/imports/jewell/import_35_20250129154427_61/ (189.4 MB, 484d old)
DELETE: /app/samvera/hyrax-webapp/tmp/imports/jewell/import_35_20250129154427_63/ (189.4 MB, 484d old)
DELETE: /app/samvera/hyrax-webapp/tmp/imports/jewell/import_35_20250129154427_97/ (189.4 MB, 484d old)
DELETE: /app/samvera/hyrax-webapp/tmp/imports/jewell/import_35_20250129154427_99/ (189.4 MB, 484d old)
DELETE: /app/samvera/hyrax-webapp/tmp/imports/jewell/import_68_20250203143153_104/ (202.5 KB, 479d old)
DELETE: /app/samvera/hyrax-webapp/tmp/imports/jewell/import_68_20250203143153_105/ (202.5 KB, 479d old)
DELETE: /app/samvera/hyrax-webapp/tmp/imports/jewell/import_68_20250203143153_106/ (202.5 KB, 479d old)
DELETE: /app/samvera/hyrax-webapp/tmp/imports/jewell/import_68_20250203143153_107/ (202.5 KB, 479d old)
DELETE: /app/samvera/hyrax-webapp/tmp/imports/jewell/import_68_20250203143153_108/ (202.5 KB, 479d old)
DELETE: /app/samvera/hyrax-webapp/tmp/imports/jewell/import_68_20250203143153_109/ (202.5 KB, 479d old)
DELETE: /app/samvera/hyrax-webapp/tmp/imports/jewell/import_68_20250203143153_110/ (202.5 KB, 479d old)
DELETE: /app/samvera/hyrax-webapp/tmp/imports/jewell/import_68_20250203143153_111/ (202.5 KB, 479d old)
DELETE: /app/samvera/hyrax-webapp/tmp/imports/jewell/import_68_20250203143153_112/ (202.5 KB, 479d old)
DELETE: /app/samvera/hyrax-webapp/tmp/imports/jewell/import_68_20250203143153_115/ (202.5 KB, 479d old)
DELETE: /app/samvera/hyrax-webapp/tmp/imports/jewell/import_68_20250203143153_116/ (202.5 KB, 479d old)
DELETE: /app/samvera/hyrax-webapp/tmp/imports/jewell/import_68_20250203143153_117/ (202.5 KB, 479d old)
DELETE: /app/samvera/hyrax-webapp/tmp/imports/jewell/import_68_20250203143153_118/ (202.5 KB, 479d old)
DELETE: /app/samvera/hyrax-webapp/tmp/imports/jewell/import_68_20250203143153_119/ (202.5 KB, 479d old)
DELETE: /app/samvera/hyrax-webapp/tmp/imports/jewell/import_68_20250203143153_120/ (202.5 KB, 479d old)
DELETE: /app/samvera/hyrax-webapp/tmp/imports/jewell/import_68_20250203143153_121/ (202.5 KB, 479d old)
DELETE: /app/samvera/hyrax-webapp/tmp/imports/jewell/import_68_20250203143153_133/ (202.5 KB, 479d old)
DELETE: /app/samvera/hyrax-webapp/tmp/imports/jewell/import_68_20250203143153_139/ (202.5 KB, 479d old)
DELETE: /app/samvera/hyrax-webapp/tmp/imports/jewell/import_68_20250203143153_144/ (202.5 KB, 479d old)
DELETE: /app/samvera/hyrax-webapp/tmp/imports/jewell/import_68_20250203143153_147/ (202.5 KB, 479d old)
DELETE: /app/samvera/hyrax-webapp/tmp/imports/jewell/import_68_20250203143153_151/ (202.5 KB, 479d old)
DELETE: /app/samvera/hyrax-webapp/tmp/imports/jewell/import_68_20250203143153_169/ (202.5 KB, 479d old)
DELETE: /app/samvera/hyrax-webapp/tmp/imports/jewell/import_68_20250203143153_177/ (202.5 KB, 479d old)
DELETE: /app/samvera/hyrax-webapp/tmp/imports/jewell/import_68_20250203143153_183/ (202.5 KB, 479d old)
DELETE: /app/samvera/hyrax-webapp/tmp/imports/jewell/import_68_20250203143153_191/ (202.5 KB, 479d old)
DELETE: /app/samvera/hyrax-webapp/tmp/imports/jewell/import_68_20250203143153_195/ (202.5 KB, 479d old)
DELETE: /app/samvera/hyrax-webapp/tmp/imports/jewell/import_69_20250205141258_124/ (189.4 MB, 477d old)
DELETE: /app/samvera/hyrax-webapp/tmp/imports/jewell/import_69_20250205141258_125/ (189.4 MB, 477d old)
DELETE: /app/samvera/hyrax-webapp/tmp/imports/jewell/import_69_20250205141258_126/ (189.4 MB, 477d old)
DELETE: /app/samvera/hyrax-webapp/tmp/imports/jewell/import_69_20250205141258_127/ (189.4 MB, 477d old)
DELETE: /app/samvera/hyrax-webapp/tmp/imports/jewell/import_69_20250205141258_128/ (189.4 MB, 477d old)
DELETE: /app/samvera/hyrax-webapp/tmp/imports/jewell/import_69_20250205141258_129/ (189.4 MB, 477d old)
DELETE: /app/samvera/hyrax-webapp/tmp/imports/jewell/import_69_20250205141258_130/ (189.4 MB, 477d old)
DELETE: /app/samvera/hyrax-webapp/tmp/imports/jewell/import_69_20250205141258_131/ (189.4 MB, 477d old)
DELETE: /app/samvera/hyrax-webapp/tmp/imports/jewell/import_69_20250205141258_132/ (189.4 MB, 477d old)
DELETE: /app/samvera/hyrax-webapp/tmp/imports/jewell/import_69_20250205141258_134/ (189.4 MB, 477d old)
DELETE: /app/samvera/hyrax-webapp/tmp/imports/jewell/import_69_20250205141258_135/ (189.4 MB, 477d old)
DELETE: /app/samvera/hyrax-webapp/tmp/imports/jewell/import_69_20250205141258_136/ (189.4 MB, 477d old)
DELETE: /app/samvera/hyrax-webapp/tmp/imports/jewell/import_69_20250205141258_137/ (189.4 MB, 477d old)
DELETE: /app/samvera/hyrax-webapp/tmp/imports/jewell/import_69_20250205141258_138/ (189.4 MB, 477d old)
DELETE: /app/samvera/hyrax-webapp/tmp/imports/jewell/import_69_20250205141258_140/ (189.4 MB, 477d old)
DELETE: /app/samvera/hyrax-webapp/tmp/imports/jewell/import_69_20250205141258_143/ (189.4 MB, 477d old)
DELETE: /app/samvera/hyrax-webapp/tmp/imports/jewell/import_69_20250205141258_145/ (189.4 MB, 477d old)
DELETE: /app/samvera/hyrax-webapp/tmp/imports/jewell/import_69_20250205141258_146/ (189.4 MB, 477d old)
DELETE: /app/samvera/hyrax-webapp/tmp/imports/jewell/import_69_20250205141258_150/ (189.4 MB, 477d old)
DELETE: /app/samvera/hyrax-webapp/tmp/imports/jewell/import_69_20250205141258_154/ (189.4 MB, 477d old)
DELETE: /app/samvera/hyrax-webapp/tmp/imports/jewell/import_69_20250205141258_173/ (189.4 MB, 477d old)
DELETE: /app/samvera/hyrax-webapp/tmp/imports/jewell/import_69_20250205141258_176/ (189.4 MB, 477d old)
DELETE: /app/samvera/hyrax-webapp/tmp/imports/jewell/import_69_20250205141258_182/ (189.4 MB, 477d old)
DELETE: /app/samvera/hyrax-webapp/tmp/imports/jewell/import_69_20250205141258_187/ (189.4 MB, 477d old)
DELETE: /app/samvera/hyrax-webapp/tmp/imports/jewell/import_69_20250205141258_193/ (189.4 MB, 477d old)
DELETE: /app/samvera/hyrax-webapp/tmp/imports/jewell/import_69_20250205141258_196/ (189.4 MB, 477d old)
DELETE: /app/samvera/hyrax-webapp/tmp/imports/jewell/import_70_20250210144133_152/ (217.1 KB, 472d old)
DELETE: /app/samvera/hyrax-webapp/tmp/imports/jewell/import_70_20250210144133_153/ (217.1 KB, 472d old)
DELETE: /app/samvera/hyrax-webapp/tmp/imports/jewell/import_70_20250210144133_155/ (217.1 KB, 472d old)
DELETE: /app/samvera/hyrax-webapp/tmp/imports/jewell/import_70_20250210144133_156/ (217.1 KB, 472d old)
DELETE: /app/samvera/hyrax-webapp/tmp/imports/jewell/import_70_20250210144133_157/ (217.1 KB, 472d old)
DELETE: /app/samvera/hyrax-webapp/tmp/imports/jewell/import_70_20250210144133_158/ (217.1 KB, 472d old)
DELETE: /app/samvera/hyrax-webapp/tmp/imports/jewell/import_70_20250210144133_159/ (217.1 KB, 472d old)
DELETE: /app/samvera/hyrax-webapp/tmp/imports/jewell/import_70_20250210144133_160/ (217.1 KB, 472d old)
DELETE: /app/samvera/hyrax-webapp/tmp/imports/jewell/import_70_20250210144133_161/ (217.1 KB, 472d old)
DELETE: /app/samvera/hyrax-webapp/tmp/imports/jewell/import_70_20250210144133_163/ (217.1 KB, 472d old)
DELETE: /app/samvera/hyrax-webapp/tmp/imports/jewell/import_70_20250210144133_164/ (217.1 KB, 472d old)
DELETE: /app/samvera/hyrax-webapp/tmp/imports/jewell/import_70_20250210144133_165/ (217.1 KB, 472d old)
DELETE: /app/samvera/hyrax-webapp/tmp/imports/jewell/import_70_20250210144133_166/ (217.1 KB, 472d old)
DELETE: /app/samvera/hyrax-webapp/tmp/imports/jewell/import_70_20250210144133_167/ (217.1 KB, 472d old)
DELETE: /app/samvera/hyrax-webapp/tmp/imports/jewell/import_70_20250210144133_168/ (217.1 KB, 472d old)
DELETE: /app/samvera/hyrax-webapp/tmp/imports/jewell/import_70_20250210144133_172/ (217.1 KB, 472d old)
DELETE: /app/samvera/hyrax-webapp/tmp/imports/jewell/import_70_20250210144133_174/ (217.1 KB, 472d old)
DELETE: /app/samvera/hyrax-webapp/tmp/imports/jewell/import_70_20250210144133_175/ (217.1 KB, 472d old)
DELETE: /app/samvera/hyrax-webapp/tmp/imports/jewell/import_70_20250210144133_178/ (217.1 KB, 472d old)
DELETE: /app/samvera/hyrax-webapp/tmp/imports/jewell/import_70_20250210144133_181/ (217.1 KB, 472d old)
DELETE: /app/samvera/hyrax-webapp/tmp/imports/jewell/import_70_20250210144133_184/ (217.1 KB, 472d old)
DELETE: /app/samvera/hyrax-webapp/tmp/imports/jewell/import_70_20250210144133_188/ (217.1 KB, 472d old)
DELETE: /app/samvera/hyrax-webapp/tmp/imports/jewell/import_70_20250210144133_192/ (217.1 KB, 472d old)
DELETE: /app/samvera/hyrax-webapp/tmp/imports/jewell/import_70_20250210144133_194/ (217.1 KB, 472d old)
DELETE: /app/samvera/hyrax-webapp/tmp/imports/jewell/import_70_20250210144133_197/ (217.1 KB, 472d old)
DELETE: /app/samvera/hyrax-webapp/tmp/imports/jewell/import_70_20250210144133_201/ (217.1 KB, 472d old)
DELETE: /app/samvera/hyrax-webapp/tmp/imports/jewell/import_71_20250210162822_162/ (232.0 KB, 472d old)
DELETE: /app/samvera/hyrax-webapp/tmp/imports/jewell/import_72_20250217162129_185/ (252.2 KB, 465d old)
DELETE: /app/samvera/hyrax-webapp/tmp/imports/jewell/import_73_20250217162310_186/ (252.2 KB, 465d old)
DELETE: /app/samvera/hyrax-webapp/tmp/imports/jewell/import_74_20250228142354_198/ (271.5 KB, 454d old)
DELETE: /app/samvera/hyrax-webapp/tmp/imports/jewell/import_75_20250228143159_199/ (189.4 MB, 454d old)
DELETE: /app/samvera/hyrax-webapp/tmp/imports/jewell/import_76_20250228143338_200/ (189.4 MB, 454d old)
DELETE: /app/samvera/hyrax-webapp/tmp/imports/jewell/import_77_20250310131333_202/ (189.4 MB, 444d old)
DELETE: /app/samvera/hyrax-webapp/tmp/imports/jewell/import_78_20250331135304_203/ (143.9 MB, 423d old)
DELETE: /app/samvera/hyrax-webapp/tmp/imports/jewell/import_79_20250411153812_204/ (237.7 MB, 412d old)
DELETE: /app/samvera/hyrax-webapp/tmp/imports/jewell/1_20240607125611/ (2.66 GB, 720d old)
DELETE: /app/samvera/hyrax-webapp/tmp/imports/jewell/34_20250129153454/ (189.4 MB, 484d old)
DELETE: /app/samvera/hyrax-webapp/tmp/imports/jewell/35_20250129154427/ (189.4 MB, 484d old)
DELETE: /app/samvera/hyrax-webapp/tmp/imports/jewell/68_20250203143153/ (200.3 KB, 479d old)
DELETE: /app/samvera/hyrax-webapp/tmp/imports/jewell/69_20250205141258/ (189.4 MB, 477d old)
DELETE: /app/samvera/hyrax-webapp/tmp/imports/jewell/70_20250210144133/ (191.9 KB, 472d old)
DELETE: /app/samvera/hyrax-webapp/tmp/imports/jewell/71_20250210162822/ (186.0 KB, 472d old)
DELETE: /app/samvera/hyrax-webapp/tmp/imports/jewell/72_20250217162129/ (194.2 KB, 465d old)
DELETE: /app/samvera/hyrax-webapp/tmp/imports/jewell/73_20250217162310/ (194.2 KB, 465d old)
DELETE: /app/samvera/hyrax-webapp/tmp/imports/jewell/74_20250228142354/ (196.0 KB, 454d old)
DELETE: /app/samvera/hyrax-webapp/tmp/imports/jewell/75_20250228143159/ (188.7 MB, 454d old)
DELETE: /app/samvera/hyrax-webapp/tmp/imports/jewell/76_20250228143338/ (188.7 MB, 454d old)
DELETE: /app/samvera/hyrax-webapp/tmp/imports/jewell/77_20250310131333/ (188.7 MB, 444d old)
DELETE: /app/samvera/hyrax-webapp/tmp/imports/jewell/78_20250331135304/ (117.6 MB, 423d old)
DELETE: /app/samvera/hyrax-webapp/tmp/imports/jewell/79_20250411153812/ (211.2 MB, 412d old)
DELETE: /app/samvera/hyrax-webapp/tmp/imports/jewell/80_20250509141903/ (64.9 KB, 384d old)
DELETE: /app/samvera/hyrax-webapp/tmp/imports/kevin-demo/import_1_20230809013625_2/ (14.2 MB, 1023d old)
DELETE: /app/samvera/hyrax-webapp/tmp/imports/kevin-demo/import_2_20230809014528_3/ (14.2 MB, 1023d old)
DELETE: /app/samvera/hyrax-webapp/tmp/imports/kevin-demo/import_35_20240515183332_43/ (55.0 MB, 743d old)
DELETE: /app/samvera/hyrax-webapp/tmp/imports/kevin-demo/import_36_20240515184425_44/ (55.0 MB, 743d old)
DELETE: /app/samvera/hyrax-webapp/tmp/imports/kevin-demo/import_37_20240523153223_45/ (55.0 MB, 735d old)
DELETE: /app/samvera/hyrax-webapp/tmp/imports/kevin-demo/import_3_20230809014733_5/ (14.1 MB, 1023d old)
DELETE: /app/samvera/hyrax-webapp/tmp/imports/kevin-demo/1_20230809013625/ (15.5 KB, 1023d old)
DELETE: /app/samvera/hyrax-webapp/tmp/imports/kevin-demo/1_20230809013625_1/ (13.2 MB, 1023d old)
DELETE: /app/samvera/hyrax-webapp/tmp/imports/kevin-demo/2_20230809014528/ (13.2 MB, 1023d old)
DELETE: /app/samvera/hyrax-webapp/tmp/imports/kevin-demo/35_20240515183332/ (54.8 MB, 743d old)
DELETE: /app/samvera/hyrax-webapp/tmp/imports/kevin-demo/36_20240515184425/ (54.8 MB, 743d old)
DELETE: /app/samvera/hyrax-webapp/tmp/imports/kevin-demo/37_20240523153223/ (54.8 MB, 735d old)
DELETE: /app/samvera/hyrax-webapp/tmp/imports/kevin-demo/3_20230809014733/ (16.3 KB, 1023d old)
DELETE: /app/samvera/hyrax-webapp/tmp/imports/kevin-demo/3_20230809014733_4/ (13.1 MB, 1023d old)
DELETE: /app/samvera/hyrax-webapp/tmp/imports/kevin-demo/3_20230809014733_5/ (16.3 KB, 1023d old)
DELETE: /app/samvera/hyrax-webapp/tmp/imports/kevin-demo/3_20230809014733_8/ (16.3 KB, 1023d old)
DELETE: /app/samvera/hyrax-webapp/tmp/imports/kevin-demo/3_20230809014733_9/ (16.3 KB, 1023d old)
DELETE: /app/samvera/hyrax-webapp/tmp/imports/kevin-test-aug-23/import_1_20230809012847_1/ (14.1 MB, 1023d old)
DELETE: /app/samvera/hyrax-webapp/tmp/imports/kevin-test-aug-23/1_20230809012847/ (13.1 MB, 1023d old)
DELETE: /app/samvera/hyrax-webapp/tmp/imports/kevin-test-aug-24/import_1_20230803225831_1/ (14.3 MB, 1029d old)
DELETE: /app/samvera/hyrax-webapp/tmp/imports/kevin-test-aug-24/import_2_20230803230003_2/ (14.3 MB, 1029d old)
DELETE: /app/samvera/hyrax-webapp/tmp/imports/kevin-test-aug-24/import_3_20230803230108_3/ (14.3 MB, 1029d old)
DELETE: /app/samvera/hyrax-webapp/tmp/imports/kevin-test-aug-24/import_3_20230803230108_4/ (14.3 MB, 1029d old)
DELETE: /app/samvera/hyrax-webapp/tmp/imports/kevin-test-aug-24/import_3_20230803230108_5/ (14.3 MB, 1029d old)
DELETE: /app/samvera/hyrax-webapp/tmp/imports/kevin-test-aug-24/import_3_20230803230108_6/ (14.3 MB, 1029d old)
DELETE: /app/samvera/hyrax-webapp/tmp/imports/kevin-test-aug-24/import_3_20230803230108_7/ (14.3 MB, 1029d old)
DELETE: /app/samvera/hyrax-webapp/tmp/imports/kevin-test-aug-24/1_20230803225831/ (13.2 MB, 1029d old)
DELETE: /app/samvera/hyrax-webapp/tmp/imports/kevin-test-aug-24/2_20230803230003/ (13.2 MB, 1029d old)
DELETE: /app/samvera/hyrax-webapp/tmp/imports/kevin-test-aug-24/3_20230803230108/ (13.2 MB, 1029d old)
DELETE: /app/samvera/hyrax-webapp/tmp/imports/mbts/import_1_20240530170909_1/ (6.92 GB, 728d old)
DELETE: /app/samvera/hyrax-webapp/tmp/imports/mbts/1_20240530170909/ (6.74 GB, 728d old)
DELETE: /app/samvera/hyrax-webapp/tmp/imports/mobap/import_1_20240530183421_1/ (55.0 MB, 728d old)
DELETE: /app/samvera/hyrax-webapp/tmp/imports/mobap/1_20240530183421/ (54.8 MB, 728d old)
DELETE: /app/samvera/hyrax-webapp/tmp/imports/moval/import_1_20240531205515_1/ (629.9 MB, 727d old)
DELETE: /app/samvera/hyrax-webapp/tmp/imports/moval/1_20240531205515/ (616.2 MB, 727d old)
DELETE: /app/samvera/hyrax-webapp/tmp/imports/mssu/import_1_20240531140829_1/ (3.19 GB, 727d old)
DELETE: /app/samvera/hyrax-webapp/tmp/imports/mssu/1_20240531140829/ (3.12 GB, 727d old)
DELETE: /app/samvera/hyrax-webapp/tmp/imports/nwmsu/import_1_20240603142512_1/ (1.59 GB, 724d old)
DELETE: /app/samvera/hyrax-webapp/tmp/imports/nwmsu/1_20240603142512/ (1.13 GB, 724d old)
DELETE: /app/samvera/hyrax-webapp/tmp/imports/qa/import_1_20250717175029_1/ (253.8 MB, 315d old)
DELETE: /app/samvera/hyrax-webapp/tmp/imports/qa/1_20250717175029/ (184.3 MB, 315d old)
DELETE: /app/samvera/hyrax-webapp/tmp/imports/samvera/1_20230721160829/ (21.1 KB, 1042d old)
DELETE: /app/samvera/hyrax-webapp/tmp/imports/samvera/2_20230721162144/ (59.8 KB, 1042d old)
DELETE: /app/samvera/hyrax-webapp/tmp/imports/samvera/3_20230721235707/ (751.5 KB, 1042d old)
DELETE: /app/samvera/hyrax-webapp/tmp/imports/sbuniv/import_1_20240605145231_1/ (759.2 MB, 722d old)
DELETE: /app/samvera/hyrax-webapp/tmp/imports/sbuniv/1_20240605145231/ (693.2 MB, 722d old)
DELETE: /app/samvera/hyrax-webapp/tmp/imports/stlcc/import_1_20240605152824_1/ (683.7 MB, 722d old)
DELETE: /app/samvera/hyrax-webapp/tmp/imports/stlcc/1_20240605152824/ (664.4 MB, 722d old)
DELETE: /app/samvera/hyrax-webapp/tmp/imports/truman/import_1_20240619160715_1/ (74.03 GB, 708d old)
DELETE: /app/samvera/hyrax-webapp/tmp/imports/truman/import_1_20240619160715_2/ (74.03 GB, 708d old)
DELETE: /app/samvera/hyrax-webapp/tmp/imports/truman/1_20240619090208/ (73.14 GB, 708d old)
DELETE: /app/samvera/hyrax-webapp/tmp/imports/uw-cc/import_10_20251009171221_10/ (812.0 KB, 231d old)
DELETE: /app/samvera/hyrax-webapp/tmp/imports/uw-cc/import_11_20251009172343_11/ (812.1 KB, 231d old)
DELETE: /app/samvera/hyrax-webapp/tmp/imports/uw-cc/import_12_20251009173538_12/ (812.1 KB, 231d old)
DELETE: /app/samvera/hyrax-webapp/tmp/imports/uw-cc/import_1_20250909193747_1/ (793.2 KB, 261d old)
DELETE: /app/samvera/hyrax-webapp/tmp/imports/uw-cc/import_3_20251001021732_3/ (2.4 MB, 239d old)
DELETE: /app/samvera/hyrax-webapp/tmp/imports/uw-cc/import_4_20251001042522_4/ (2.4 MB, 239d old)
DELETE: /app/samvera/hyrax-webapp/tmp/imports/uw-cc/import_5_20251001042905_5/ (2.4 MB, 239d old)
DELETE: /app/samvera/hyrax-webapp/tmp/imports/uw-cc/10_20251009171221/ (658.3 KB, 231d old)
DELETE: /app/samvera/hyrax-webapp/tmp/imports/uw-cc/11_20251009172343/ (658.3 KB, 231d old)
DELETE: /app/samvera/hyrax-webapp/tmp/imports/uw-cc/12_20251009173538/ (658.3 KB, 231d old)
DELETE: /app/samvera/hyrax-webapp/tmp/imports/uw-cc/1_20250909193747/ (650.0 KB, 261d old)
DELETE: /app/samvera/hyrax-webapp/tmp/imports/uw-cc/2_20251001013217/ (6.5 KB, 239d old)
DELETE: /app/samvera/hyrax-webapp/tmp/imports/uw-cc/3_20251001021732/ (2.3 MB, 239d old)
DELETE: /app/samvera/hyrax-webapp/tmp/imports/uw-cc/4_20251001042522/ (2.3 MB, 239d old)
DELETE: /app/samvera/hyrax-webapp/tmp/imports/uw-cc/5_20251001042905/ (2.3 MB, 239d old)
DELETE: /app/samvera/hyrax-webapp/tmp/imports/uw-cc/6_20251001043725/ (6.7 KB, 239d old)
DELETE: /app/samvera/hyrax-webapp/tmp/imports/uw-cc/7_20251001044201/ (6.7 KB, 239d old)
DELETE: /app/samvera/hyrax-webapp/tmp/imports/uw-cc/8_20251001044534/ (6.7 KB, 239d old)
DELETE: /app/samvera/hyrax-webapp/tmp/imports/uw-cc/9_20251001050735/ (6.4 KB, 239d old)
DELETE: /app/samvera/hyrax-webapp/tmp/imports/wcs-demo/import_6_20251031164648_9/ (9.3 MB, 209d old)
DELETE: /app/samvera/hyrax-webapp/tmp/imports/wcs-demo/6_20251031164648/ (7.6 MB, 209d old)
DELETE: /app/samvera/hyrax-webapp/tmp/imports/wcu/import_10_20250314003328_12/ (4.42 GB, 440d old)
DELETE: /app/samvera/hyrax-webapp/tmp/imports/wcu/import_11_20250314143214_13/ (21.3 MB, 440d old)
DELETE: /app/samvera/hyrax-webapp/tmp/imports/wcu/import_12_20250602195050_14/ (1.9 MB, 360d old)
DELETE: /app/samvera/hyrax-webapp/tmp/imports/wcu/import_12_20250602195050_15/ (1.9 MB, 360d old)
DELETE: /app/samvera/hyrax-webapp/tmp/imports/wcu/import_13_20250604165557_16/ (1.9 MB, 358d old)
DELETE: /app/samvera/hyrax-webapp/tmp/imports/wcu/import_14_20250716215943_17/ (253.8 MB, 316d old)
DELETE: /app/samvera/hyrax-webapp/tmp/imports/wcu/import_15_20250716230112_18/ (253.8 MB, 316d old)
DELETE: /app/samvera/hyrax-webapp/tmp/imports/wcu/import_16_20250717204024_19/ (253.8 MB, 315d old)
DELETE: /app/samvera/hyrax-webapp/tmp/imports/wcu/import_17_20250721152351_20/ (253.8 MB, 311d old)
DELETE: /app/samvera/hyrax-webapp/tmp/imports/wcu/import_18_20250721210525_21/ (253.8 MB, 311d old)
DELETE: /app/samvera/hyrax-webapp/tmp/imports/wcu/import_19_20250721211306_22/ (253.8 MB, 311d old)
DELETE: /app/samvera/hyrax-webapp/tmp/imports/wcu/import_20_20250721211822_23/ (253.7 MB, 311d old)
DELETE: /app/samvera/hyrax-webapp/tmp/imports/wcu/import_21_20250721212821_24/ (253.8 MB, 311d old)
DELETE: /app/samvera/hyrax-webapp/tmp/imports/wcu/import_22_20250721224912_25/ (896.9 KB, 311d old)
DELETE: /app/samvera/hyrax-webapp/tmp/imports/wcu/import_23_20250722145909_26/ (253.8 MB, 310d old)
DELETE: /app/samvera/hyrax-webapp/tmp/imports/wcu/import_24_20250731152439_27/ (37.1 MB, 301d old)
DELETE: /app/samvera/hyrax-webapp/tmp/imports/wcu/import_25_20250925124827_28/ (5.4 MB, 245d old)
DELETE: /app/samvera/hyrax-webapp/tmp/imports/wcu/import_26_20250925130409_29/ (5.4 MB, 245d old)
DELETE: /app/samvera/hyrax-webapp/tmp/imports/wcu/import_26_20250925130409_32/ (5.4 MB, 245d old)
DELETE: /app/samvera/hyrax-webapp/tmp/imports/wcu/import_27_20250925130957_30/ (5.4 MB, 245d old)
DELETE: /app/samvera/hyrax-webapp/tmp/imports/wcu/import_27_20250925130957_31/ (5.4 MB, 245d old)
DELETE: /app/samvera/hyrax-webapp/tmp/imports/wcu/import_3_20250307215410_3/ (612.9 MB, 447d old)
DELETE: /app/samvera/hyrax-webapp/tmp/imports/wcu/import_4_20250310142724_4/ (612.9 MB, 444d old)
DELETE: /app/samvera/hyrax-webapp/tmp/imports/wcu/import_4_20250310142724_5/ (612.9 MB, 444d old)
DELETE: /app/samvera/hyrax-webapp/tmp/imports/wcu/import_5_20250313175452_6/ (612.9 MB, 441d old)
DELETE: /app/samvera/hyrax-webapp/tmp/imports/wcu/import_60_20260109151903_65/ (1.66 GB, 139d old)
DELETE: /app/samvera/hyrax-webapp/tmp/imports/wcu/import_61_20260216132518_66/ (1.7 MB, 101d old)
DELETE: /app/samvera/hyrax-webapp/tmp/imports/wcu/import_62_20260216133636_67/ (1.7 MB, 101d old)
DELETE: /app/samvera/hyrax-webapp/tmp/imports/wcu/import_63_20260216134047_68/ (1.7 MB, 101d old)
DELETE: /app/samvera/hyrax-webapp/tmp/imports/wcu/import_63_20260216134047_69/ (1.7 MB, 101d old)
DELETE: /app/samvera/hyrax-webapp/tmp/imports/wcu/import_64_20260216141254_70/ (1.7 MB, 101d old)
DELETE: /app/samvera/hyrax-webapp/tmp/imports/wcu/import_65_20260216141709_71/ (1.4 MB, 101d old)
DELETE: /app/samvera/hyrax-webapp/tmp/imports/wcu/import_66_20260216143537_72/ (1.7 MB, 101d old)
DELETE: /app/samvera/hyrax-webapp/tmp/imports/wcu/import_67_20260216143737_73/ (1.7 MB, 101d old)
DELETE: /app/samvera/hyrax-webapp/tmp/imports/wcu/import_68_20260217150844_74/ (408.8 KB, 100d old)
DELETE: /app/samvera/hyrax-webapp/tmp/imports/wcu/import_69_20260406153338_75/ (3.2 MB, 52d old)
DELETE: /app/samvera/hyrax-webapp/tmp/imports/wcu/import_6_20250313180528_7/ (612.9 MB, 441d old)
DELETE: /app/samvera/hyrax-webapp/tmp/imports/wcu/import_70_20260408175730_76/ (4.3 MB, 50d old)
DELETE: /app/samvera/hyrax-webapp/tmp/imports/wcu/import_71_20260408181819_77/ (14.2 KB, 50d old)
DELETE: /app/samvera/hyrax-webapp/tmp/imports/wcu/import_72_20260408190335_78/ (487.0 KB, 50d old)
DELETE: /app/samvera/hyrax-webapp/tmp/imports/wcu/import_73_20260408190754_79/ (14.2 KB, 50d old)
DELETE: /app/samvera/hyrax-webapp/tmp/imports/wcu/import_74_20260408191549_80/ (14.2 KB, 50d old)
DELETE: /app/samvera/hyrax-webapp/tmp/imports/wcu/import_75_20260408192936_81/ (4.3 MB, 50d old)
DELETE: /app/samvera/hyrax-webapp/tmp/imports/wcu/import_7_20250313181702_8/ (612.9 MB, 441d old)
DELETE: /app/samvera/hyrax-webapp/tmp/imports/wcu/import_8_20250313211519_10/ (4.42 GB, 441d old)
DELETE: /app/samvera/hyrax-webapp/tmp/imports/wcu/import_8_20250313211519_9/ (4.42 GB, 441d old)
DELETE: /app/samvera/hyrax-webapp/tmp/imports/wcu/import_9_20250313222445_11/ (4.42 GB, 441d old)
DELETE: /app/samvera/hyrax-webapp/tmp/imports/wcu/11_20250314143214/ (19.3 MB, 440d old)
DELETE: /app/samvera/hyrax-webapp/tmp/imports/wcu/12_20250602195050/ (1.9 MB, 360d old)
DELETE: /app/samvera/hyrax-webapp/tmp/imports/wcu/13_20250604165557/ (1.9 MB, 358d old)
DELETE: /app/samvera/hyrax-webapp/tmp/imports/wcu/14_20250716215943/ (184.3 MB, 316d old)
DELETE: /app/samvera/hyrax-webapp/tmp/imports/wcu/15_20250716230112/ (184.3 MB, 316d old)
DELETE: /app/samvera/hyrax-webapp/tmp/imports/wcu/16_20250717204024/ (184.3 MB, 315d old)
DELETE: /app/samvera/hyrax-webapp/tmp/imports/wcu/17_20250721152351/ (184.3 MB, 311d old)
DELETE: /app/samvera/hyrax-webapp/tmp/imports/wcu/18_20250721210525/ (184.3 MB, 311d old)
DELETE: /app/samvera/hyrax-webapp/tmp/imports/wcu/19_20250721211306/ (184.3 MB, 311d old)
DELETE: /app/samvera/hyrax-webapp/tmp/imports/wcu/1_20250306190838/ (2.4 MB, 448d old)
DELETE: /app/samvera/hyrax-webapp/tmp/imports/wcu/20_20250721211822/ (184.4 MB, 311d old)
DELETE: /app/samvera/hyrax-webapp/tmp/imports/wcu/21_20250721212821/ (184.3 MB, 311d old)
DELETE: /app/samvera/hyrax-webapp/tmp/imports/wcu/22_20250721224912/ (833.1 KB, 311d old)
DELETE: /app/samvera/hyrax-webapp/tmp/imports/wcu/23_20250722145909/ (184.3 MB, 310d old)
DELETE: /app/samvera/hyrax-webapp/tmp/imports/wcu/24_20250731152439/ (34.8 MB, 301d old)
DELETE: /app/samvera/hyrax-webapp/tmp/imports/wcu/25_20250925124827/ (5.1 MB, 245d old)
DELETE: /app/samvera/hyrax-webapp/tmp/imports/wcu/26_20250925130409/ (5.1 MB, 245d old)
DELETE: /app/samvera/hyrax-webapp/tmp/imports/wcu/27_20250925130957/ (5.1 MB, 245d old)
DELETE: /app/samvera/hyrax-webapp/tmp/imports/wcu/27_20250925130957_30/ (5.1 MB, 245d old)
DELETE: /app/samvera/hyrax-webapp/tmp/imports/wcu/2_20250306214527/ (2.8 MB, 448d old)
DELETE: /app/samvera/hyrax-webapp/tmp/imports/wcu/3_20250307215410/ (542.3 MB, 447d old)
DELETE: /app/samvera/hyrax-webapp/tmp/imports/wcu/4_20250310142724/ (1.06 GB, 444d old)
DELETE: /app/samvera/hyrax-webapp/tmp/imports/wcu/5_20250313175452/ (542.3 MB, 441d old)
DELETE: /app/samvera/hyrax-webapp/tmp/imports/wcu/60_20260109151903/ (1.39 GB, 139d old)
DELETE: /app/samvera/hyrax-webapp/tmp/imports/wcu/61_20260216132518/ (1.6 MB, 101d old)
DELETE: /app/samvera/hyrax-webapp/tmp/imports/wcu/62_20260216133636/ (1.6 MB, 101d old)
DELETE: /app/samvera/hyrax-webapp/tmp/imports/wcu/63_20260216134047/ (1.6 MB, 101d old)
DELETE: /app/samvera/hyrax-webapp/tmp/imports/wcu/63_20260216134047_68/ (1.6 MB, 101d old)
DELETE: /app/samvera/hyrax-webapp/tmp/imports/wcu/64_20260216141254/ (1.6 MB, 101d old)
DELETE: /app/samvera/hyrax-webapp/tmp/imports/wcu/65_20260216141709/ (1.4 MB, 101d old)
DELETE: /app/samvera/hyrax-webapp/tmp/imports/wcu/66_20260216143537/ (1.6 MB, 101d old)
DELETE: /app/samvera/hyrax-webapp/tmp/imports/wcu/67_20260216143737/ (1.6 MB, 101d old)
DELETE: /app/samvera/hyrax-webapp/tmp/imports/wcu/68_20260217150844/ (381.6 KB, 100d old)
DELETE: /app/samvera/hyrax-webapp/tmp/imports/wcu/69_20260406153338/ (3.1 MB, 52d old)
DELETE: /app/samvera/hyrax-webapp/tmp/imports/wcu/6_20250313180528/ (541.5 MB, 441d old)
DELETE: /app/samvera/hyrax-webapp/tmp/imports/wcu/70_20260408175730/ (4.1 MB, 50d old)
DELETE: /app/samvera/hyrax-webapp/tmp/imports/wcu/71_20260408181819/ (4.1 MB, 50d old)
DELETE: /app/samvera/hyrax-webapp/tmp/imports/wcu/72_20260408190335/ (421.8 KB, 50d old)
DELETE: /app/samvera/hyrax-webapp/tmp/imports/wcu/73_20260408190754/ (4.1 MB, 50d old)
DELETE: /app/samvera/hyrax-webapp/tmp/imports/wcu/74_20260408191549/ (4.1 MB, 50d old)
DELETE: /app/samvera/hyrax-webapp/tmp/imports/wcu/75_20260408192936/ (4.1 MB, 50d old)
DELETE: /app/samvera/hyrax-webapp/tmp/imports/wcu/7_20250313181702/ (541.5 MB, 441d old)
DELETE: /app/samvera/hyrax-webapp/tmp/imports/wcu/8_20250313211519/ (3.97 GB, 441d old)
DELETE: /app/samvera/hyrax-webapp/tmp/imports/webster/import_1_20240612144403_1/ (28.33 GB, 715d old)
DELETE: /app/samvera/hyrax-webapp/tmp/imports/webster/import_1_20240612144403_2/ (28.33 GB, 715d old)
DELETE: /app/samvera/hyrax-webapp/tmp/imports/webster/1_20240612144244/ (27.87 GB, 715d old)

=== Summary ===
Directories: 362
Size: 400.86 GB

Deleting 362 directories with 8 parallel workers...
Deletion complete.
Completed: Thu May 28 19:39:58 UTC 2026
